Time: 2024-11-12T04:58:17.302Z | Method: POST | URL: /register | Status: 201 | Duration: 142.85 ms
Time: 2024-11-12T04:58:29.567Z | Method: POST | URL: /login | Status: 202 | Duration: 122.82 ms
Time: 2024-11-12T04:58:49.952Z | Method: GET | URL: /stats | Status: 200 | Duration: 105.62 ms
Time: 2024-11-12T04:58:52.057Z | Method: GET | URL: /stats | Status: 200 | Duration: 9.40 ms
Time: 2024-11-12T05:00:30.873Z | Method: GET | URL: /stats | Status: 200 | Duration: 90.10 ms
Time: 2024-11-12T05:02:36.178Z | Method: GET | URL: /stats | Status: 200 | Duration: 38.99 ms
Time: 2024-11-12T05:02:36.917Z | Method: GET | URL: /stats | Status: 200 | Duration: 6.68 ms
Time: 2024-11-12T05:08:36.382Z | Method: GET | URL: /stats | Status: 200 | Duration: 41.09 ms
Time: 2024-11-12T05:13:17.795Z | Method: POST | URL: /login | Status: 202 | Duration: 153.68 ms
Time: 2024-11-12T05:13:27.776Z | Method: GET | URL: /logs/records/viewed?limit=1 | Status: 200 | Duration: 16.88 ms
Time: 2024-11-12T05:13:28.989Z | Method: GET | URL: /logs/records/viewed?limit=1 | Status: 200 | Duration: 7.38 ms
Time: 2024-11-12T05:13:39.725Z | Method: GET | URL: /logs/records/created?limit=3 | Status: 200 | Duration: 8.69 ms
Time: 2024-11-12T05:13:50.779Z | Method: GET | URL: /logs/info/created?limit=2 | Status: 200 | Duration: 8.38 ms
Time: 2024-11-12T05:14:57.879Z | Method: GET | URL: /logs/records/created?limit=3 | Status: 200 | Duration: 12.15 ms
Time: 2024-11-12T05:14:59.041Z | Method: GET | URL: /logs/records/created?limit=3 | Status: 200 | Duration: 6.22 ms
Time: 2024-11-12T05:15:21.214Z | Method: GET | URL: /logs/records/viewed?limit=1 | Status: 200 | Duration: 12.48 ms
Time: 2024-11-12T05:15:23.563Z | Method: GET | URL: /logs/records/viewed?limit=1 | Status: 200 | Duration: 16.30 ms
Time: 2024-11-12T05:15:38.169Z | Method: GET | URL: /logs/records/viewed?limit=1 | Status: 200 | Duration: 19.99 ms
Time: 2024-11-12T05:15:39.217Z | Method: GET | URL: /logs/records/viewed?limit=1 | Status: 200 | Duration: 9.44 ms
Time: 2024-11-12T05:15:40.021Z | Method: GET | URL: /logs/records/viewed?limit=1 | Status: 200 | Duration: 4.11 ms
Time: 2024-11-12T05:16:13.518Z | Method: GET | URL: /logs/records/viewed?limit=1 | Status: 200 | Duration: 19.46 ms
Time: 2024-11-12T05:16:14.775Z | Method: GET | URL: /logs/records/viewed?limit=1 | Status: 200 | Duration: 8.65 ms
Time: 2024-11-12T05:16:15.843Z | Method: GET | URL: /logs/records/viewed?limit=1 | Status: 200 | Duration: 7.72 ms
Time: 2024-11-12T05:16:16.600Z | Method: GET | URL: /logs/records/viewed?limit=1 | Status: 200 | Duration: 9.03 ms
Time: 2024-11-12T05:16:17.448Z | Method: GET | URL: /logs/records/viewed?limit=1 | Status: 200 | Duration: 8.21 ms
Time: 2024-11-12T05:16:32.808Z | Method: POST | URL: /login | Status: 202 | Duration: 172.81 ms
Time: 2024-11-12T05:16:36.015Z | Method: GET | URL: /logs/records/viewed?limit=1 | Status: 200 | Duration: 9.64 ms
Time: 2024-11-12T05:16:37.541Z | Method: GET | URL: /logs/records/viewed?limit=1 | Status: 200 | Duration: 8.58 ms
Time: 2024-11-12T05:16:38.202Z | Method: GET | URL: /logs/records/viewed?limit=1 | Status: 200 | Duration: 11.16 ms
Time: 2024-11-12T05:16:38.895Z | Method: GET | URL: /logs/records/viewed?limit=1 | Status: 200 | Duration: 9.03 ms
Time: 2024-11-12T05:16:41.392Z | Method: GET | URL: /logs/records/viewed | Status: 200 | Duration: 8.78 ms
Time: 2024-11-12T05:16:42.165Z | Method: GET | URL: /logs/records/viewed | Status: 200 | Duration: 8.22 ms
Time: 2024-11-12T05:16:58.056Z | Method: GET | URL: /logs/records/viewed | Status: 200 | Duration: 21.20 ms
Time: 2024-11-12T05:17:33.288Z | Method: GET | URL: /logs/records/viewed | Status: 200 | Duration: 18.99 ms
Time: 2024-11-12T05:17:34.249Z | Method: GET | URL: /logs/records/viewed | Status: 200 | Duration: 9.08 ms
Time: 2024-11-12T05:18:38.001Z | Method: GET | URL: /logs/records/viewed | Status: 200 | Duration: 16.15 ms
Time: 2024-11-12T05:20:38.943Z | Method: GET | URL: /logs/records/viewed | Status: 200 | Duration: 22.48 ms
Time: 2024-11-12T05:20:48.796Z | Method: GET | URL: /logs/records/viewed | Status: 200 | Duration: 7.85 ms
Time: 2024-11-12T05:22:39.983Z | Method: GET | URL: /logs/records/viewed | Status: 200 | Duration: 20.65 ms
Time: 2024-11-12T05:22:40.902Z | Method: GET | URL: /logs/records/viewed | Status: 200 | Duration: 15.09 ms
Time: 2024-11-12T05:23:43.383Z | Method: GET | URL: /logs/records/created?limit=3 | Status: 200 | Duration: 15.45 ms
Time: 2024-11-12T05:24:28.784Z | Method: GET | URL: /logs/info/created?limit=2 | Status: 200 | Duration: 11.39 ms
Time: 2024-11-12T05:24:36.909Z | Method: GET | URL: /logs/info/viewed?limit=5 | Status: 200 | Duration: 18.25 ms
Time: 2024-11-12T05:33:52.468Z | Method: GET | URL: /issue?limit=5 | Status: 200 | Duration: 33.12 ms
Time: 2024-11-12T05:34:01.050Z | Method: GET | URL: /issue?limit=5&severity=Low | Status: 200 | Duration: 12.64 ms
Time: 2024-11-12T05:34:05.429Z | Method: GET | URL: /issue?limit=5&severity=High | Status: 200 | Duration: 14.42 ms
Time: 2024-11-12T05:34:07.894Z | Method: GET | URL: /issue?limit=5&severity=High | Status: 200 | Duration: 10.11 ms
Time: 2024-11-12T05:34:08.558Z | Method: GET | URL: /issue?limit=5&severity=High | Status: 200 | Duration: 10.63 ms
Time: 2024-11-12T05:40:10.493Z | Method: GET | URL: /issue?limit=5&severity=High | Status: 200 | Duration: 19.78 ms
Time: 2024-11-12T05:40:11.511Z | Method: GET | URL: /issue?limit=5&severity=High | Status: 200 | Duration: 9.28 ms
Time: 2024-11-12T05:40:12.173Z | Method: GET | URL: /issue?limit=5&severity=High | Status: 200 | Duration: 7.32 ms
Time: 2024-11-12T05:40:12.847Z | Method: GET | URL: /issue?limit=5&severity=High | Status: 200 | Duration: 9.85 ms
Time: 2024-11-12T05:40:13.412Z | Method: GET | URL: /issue?limit=5&severity=High | Status: 200 | Duration: 5.20 ms
Time: 2024-11-12T05:40:13.964Z | Method: GET | URL: /issue?limit=5&severity=High | Status: 200 | Duration: 8.96 ms
Time: 2024-11-12T05:40:14.648Z | Method: GET | URL: /issue?limit=5&severity=High | Status: 200 | Duration: 8.16 ms
Time: 2024-11-12T05:40:15.186Z | Method: GET | URL: /issue?limit=5&severity=High | Status: 200 | Duration: 8.25 ms
Time: 2024-11-12T05:40:15.631Z | Method: GET | URL: /issue?limit=5&severity=High | Status: 200 | Duration: 9.57 ms
Time: 2024-11-12T05:40:16.318Z | Method: GET | URL: /issue?limit=5&severity=High | Status: 200 | Duration: 14.03 ms
Time: 2024-11-12T05:40:17.298Z | Method: GET | URL: /issue?limit=5&severity=High | Status: 429 | Duration: 3.70 ms
Time: 2024-11-12T05:40:17.840Z | Method: GET | URL: /issue?limit=5&severity=High | Status: 429 | Duration: 2.21 ms
Time: 2024-11-12T05:40:29.332Z | Method: GET | URL: /issue?limit=5&severity=High | Status: 200 | Duration: 6.86 ms
Time: 2024-11-12T05:40:30.307Z | Method: GET | URL: /issue?limit=5&severity=High | Status: 200 | Duration: 7.31 ms
Time: 2024-11-12T05:40:31.054Z | Method: GET | URL: /issue?limit=5&severity=High | Status: 200 | Duration: 8.39 ms
Time: 2024-11-12T05:40:31.770Z | Method: GET | URL: /issue?limit=5&severity=High | Status: 200 | Duration: 11.20 ms
Time: 2024-11-12T05:40:32.608Z | Method: GET | URL: /issue?limit=5&severity=High | Status: 200 | Duration: 6.87 ms
Time: 2024-11-12T05:40:40.278Z | Method: GET | URL: /issue?limit=5&severity=Low | Status: 200 | Duration: 9.43 ms
Time: 2024-11-12T05:40:46.735Z | Method: GET | URL: /issue?limit=5&severity=High | Status: 200 | Duration: 7.90 ms
Time: 2024-11-12T05:40:57.872Z | Method: GET | URL: /issue?limit=5&severity=High | Status: 200 | Duration: 21.81 ms
Time: 2024-11-12T05:43:04.194Z | Method: GET | URL: /issue?limit=5&severity=High | Status: 200 | Duration: 20.76 ms
Time: 2024-11-12T05:43:05.080Z | Method: GET | URL: /issue?limit=5&severity=High | Status: 200 | Duration: 5.23 ms
Time: 2024-11-12T05:46:38.415Z | Method: GET | URL: /issue?limit=5&severity=High | Status: 200 | Duration: 10.76 ms
Time: 2024-11-12T05:46:39.203Z | Method: GET | URL: /issue?limit=5&severity=High | Status: 200 | Duration: 6.90 ms
Time: 2024-11-12T05:46:39.795Z | Method: GET | URL: /issue?limit=5&severity=High | Status: 200 | Duration: 7.15 ms
Time: 2024-11-12T05:48:04.393Z | Method: GET | URL: /issue?limit=5&severity=High | Status: 200 | Duration: 11.73 ms
Time: 2024-11-12T05:48:05.580Z | Method: GET | URL: /issue?limit=5&severity=High | Status: 200 | Duration: 10.47 ms
Time: 2024-11-12T05:58:09.964Z | Method: GET | URL: /issue?limit=5&severity=High | Status: 200 | Duration: 15.96 ms
Time: 2024-11-12T05:58:18.982Z | Method: GET | URL: /info?cache=true | Status: 500 | Duration: 6.48 ms
Time: 2024-11-12T05:58:49.788Z | Method: GET | URL: /info?cache=true | Status: 500 | Duration: 13.67 ms
Time: 2024-11-12T05:58:51.034Z | Method: GET | URL: /info?cache=true | Status: 500 | Duration: 8.49 ms
Time: 2024-11-12T05:58:51.787Z | Method: GET | URL: /info?cache=true | Status: 500 | Duration: 6.97 ms
Time: 2024-11-12T05:58:52.559Z | Method: GET | URL: /info?cache=true | Status: 500 | Duration: 7.09 ms
Time: 2024-11-12T05:58:53.280Z | Method: GET | URL: /info?cache=true | Status: 500 | Duration: 4.24 ms
Time: 2024-11-12T05:58:54.043Z | Method: GET | URL: /info?cache=true | Status: 500 | Duration: 5.22 ms
Time: 2024-11-12T05:58:54.654Z | Method: GET | URL: /info?cache=true | Status: 500 | Duration: 17.99 ms
Time: 2024-11-12T05:58:55.872Z | Method: GET | URL: /info?cache=true | Status: 500 | Duration: 7.41 ms
Time: 2024-11-12T05:59:18.372Z | Method: GET | URL: /info?cache=true | Status: 500 | Duration: 20.42 ms
Time: 2024-11-12T05:59:19.901Z | Method: GET | URL: /info?cache=true | Status: 500 | Duration: 5.15 ms
Time: 2024-11-12T06:00:10.421Z | Method: GET | URL: /info?cache=true | Status: 200 | Duration: 25.51 ms
Time: 2024-11-12T06:00:17.517Z | Method: GET | URL: /info?cache=true | Status: 200 | Duration: 12.57 ms
Time: 2024-11-12T06:00:19.316Z | Method: GET | URL: /info?cache=true | Status: 200 | Duration: 10.93 ms
Time: 2024-11-12T06:00:55.666Z | Method: GET | URL: /info?cache=true | Status: 200 | Duration: 23.43 ms
Time: 2024-11-12T06:10:17.255Z | Method: GET | URL: /info?cache=true | Status: 200 | Duration: 8.65 ms
Time: 2024-11-12T06:10:22.583Z | Method: GET | URL: /info?cache=true | Status: 200 | Duration: 10.49 ms
Time: 2024-11-12T06:10:23.513Z | Method: GET | URL: /info?cache=true | Status: 200 | Duration: 10.06 ms
Time: 2024-11-12T06:10:24.320Z | Method: GET | URL: /info?cache=true | Status: 200 | Duration: 9.95 ms
